[2023-11-13 00:01:54] local.ERROR: Validation of "domain" was unsuccessful {"exception":"[object] (Auth0\\SDK\\Exception\\ConfigurationException(code: 0): Validation of \"domain\" was unsuccessful at /home/platinum/Documents/Teners.net/Invoicer/vendor/auth0/auth0-php/src/Exception/ConfigurationException.php:266)
[stacktrace]
#0 /home/platinum/Documents/Teners.net/Invoicer/vendor/auth0/auth0-php/src/Configuration/SdkConfiguration.php(1017): Auth0\\SDK\\Exception\\ConfigurationException::validationFailed()
#1 /home/platinum/Documents/Teners.net/Invoicer/vendor/auth0/auth0-php/src/Mixins/ConfigurableMixin.php(60): Auth0\\SDK\\Configuration\\SdkConfiguration->setDomain()
#2 /home/platinum/Documents/Teners.net/Invoicer/vendor/auth0/auth0-php/src/Mixins/ConfigurableMixin.php(63): Auth0\\SDK\\Configuration\\SdkConfiguration->Auth0\\SDK\\Mixins\\{closure}()
#3 /home/platinum/Documents/Teners.net/Invoicer/vendor/auth0/auth0-php/src/Configuration/SdkConfiguration.php(163): Auth0\\SDK\\Configuration\\SdkConfiguration->applyConfiguration()
#4 /home/platinum/Documents/Teners.net/Invoicer/vendor/auth0/login/src/Entities/InstanceEntityAbstract.php(252): Auth0\\SDK\\Configuration\\SdkConfiguration->__construct()
#5 /home/platinum/Documents/Teners.net/Invoicer/vendor/auth0/login/src/Entities/InstanceEntityAbstract.php(65): Auth0\\Laravel\\Entities\\InstanceEntityAbstract->createConfiguration()
#6 /home/platinum/Documents/Teners.net/Invoicer/vendor/auth0/login/src/Entities/InstanceEntityAbstract.php(84): Auth0\\Laravel\\Entities\\InstanceEntityAbstract->getConfiguration()
#7 /home/platinum/Documents/Teners.net/Invoicer/vendor/auth0/login/src/Guards/GuardAbstract.php(242): Auth0\\Laravel\\Entities\\InstanceEntityAbstract->getSdk()
#8 /home/platinum/Documents/Teners.net/Invoicer/vendor/auth0/login/src/Guards/AuthenticationGuard.php(325): Auth0\\Laravel\\Guards\\GuardAbstract->sdk()
#9 /home/platinum/Documents/Teners.net/Invoicer/vendor/auth0/login/src/Guards/AuthenticationGuard.php(44): Auth0\\Laravel\\Guards\\AuthenticationGuard->pullState()
#10 /home/platinum/Documents/Teners.net/Invoicer/vendor/auth0/login/src/Guards/AuthenticationGuard.php(34): Auth0\\Laravel\\Guards\\AuthenticationGuard->findSession()
#11 /home/platinum/Documents/Teners.net/Invoicer/vendor/auth0/login/src/Guards/AuthenticationGuard.php(312): Auth0\\Laravel\\Guards\\AuthenticationGuard->find()
#12 /home/platinum/Documents/Teners.net/Invoicer/vendor/auth0/login/src/Guards/GuardAbstract.php(183): Auth0\\Laravel\\Guards\\AuthenticationGuard->user()
#13 /home/platinum/Documents/Teners.net/Invoicer/vendor/auth0/login/src/Guards/GuardAbstract.php(61): Auth0\\Laravel\\Guards\\GuardAbstract->hasUser()
#14 /home/platinum/Documents/Teners.net/Invoicer/vendor/laravel/framework/src/Illuminate/Auth/AuthManager.php(340): Auth0\\Laravel\\Guards\\GuardAbstract->check()
#15 /home/platinum/Documents/Teners.net/Invoicer/routes/web.php(15): Illuminate\\Auth\\AuthManager->__call()
#16 /home/platinum/Documents/Teners.net/Invoicer/vendor/laravel/framework/src/Illuminate/Routing/CallableDispatcher.php(40): Illuminate\\Routing\\RouteFileRegistrar->{closure}()
#17 /home/platinum/Documents/Teners.net/Invoicer/vendor/laravel/framework/src/Illuminate/Routing/Route.php(237): Illuminate\\Routing\\CallableDispatcher->dispatch()
#18 /home/platinum/Documents/Teners.net/Invoicer/vendor/laravel/framework/src/Illuminate/Routing/Route.php(208): Illuminate\\Routing\\Route->runCallable()
#19 /home/platinum/Documents/Teners.net/Invoicer/vendor/laravel/framework/src/Illuminate/Routing/Router.php(798): Illuminate\\Routing\\Route->run()
#20 /home/platinum/Documents/Teners.net/Invoicer/vendor/laravel/framework/src/Illuminate/Pipeline/Pipeline.php(141): Illuminate\\Routing\\Router->Illuminate\\Routing\\{closure}()
#21 /home/platinum/Documents/Teners.net/Invoicer/vendor/laravel/framework/src/Illuminate/Routing/Middleware/SubstituteBindings.php(50): Illuminate\\Pipeline\\Pipeline->Illuminate\\Pipeline\\{closure}()
#22 /home/platinum/Documents/Teners.net/Invoicer/vendor/laravel/framework/src/Illuminate/Pipeline/Pipeline.php(180): Illuminate\\Routing\\Middleware\\SubstituteBindings->handle()
#23 /home/platinum/Documents/Teners.net/Invoicer/vendor/laravel/framework/src/Illuminate/Foundation/Http/Middleware/VerifyCsrfToken.php(78): Illuminate\\Pipeline\\Pipeline->Illuminate\\Pipeline\\{closure}()
#24 /home/platinum/Documents/Teners.net/Invoicer/vendor/laravel/framework/src/Illuminate/Pipeline/Pipeline.php(180): Illuminate\\Foundation\\Http\\Middleware\\VerifyCsrfToken->handle()
#25 /home/platinum/Documents/Teners.net/Invoicer/vendor/laravel/framework/src/Illuminate/View/Middleware/ShareErrorsFromSession.php(49): Illuminate\\Pipeline\\Pipeline->Illuminate\\Pipeline\\{closure}()
#26 /home/platinum/Documents/Teners.net/Invoicer/vendor/laravel/framework/src/Illuminate/Pipeline/Pipeline.php(180): Illuminate\\View\\Middleware\\ShareErrorsFromSession->handle()
#27 /home/platinum/Documents/Teners.net/Invoicer/vendor/laravel/framework/src/Illuminate/Session/Middleware/StartSession.php(121): Illuminate\\Pipeline\\Pipeline->Illuminate\\Pipeline\\{closure}()
#28 /home/platinum/Documents/Teners.net/Invoicer/vendor/laravel/framework/src/Illuminate/Session/Middleware/StartSession.php(64): Illuminate\\Session\\Middleware\\StartSession->handleStatefulRequest()
#29 /home/platinum/Documents/Teners.net/Invoicer/vendor/laravel/framework/src/Illuminate/Pipeline/Pipeline.php(180): Illuminate\\Session\\Middleware\\StartSession->handle()
#30 /home/platinum/Documents/Teners.net/Invoicer/vendor/auth0/login/src/Middleware/AuthenticatorMiddleware.php(24): Illuminate\\Pipeline\\Pipeline->Illuminate\\Pipeline\\{closure}()
#31 /home/platinum/Documents/Teners.net/Invoicer/vendor/laravel/framework/src/Illuminate/Pipeline/Pipeline.php(180): Auth0\\Laravel\\Middleware\\AuthenticatorMiddleware->handle()
#32 /home/platinum/Documents/Teners.net/Invoicer/vendor/laravel/framework/src/Illuminate/Cookie/Middleware/AddQueuedCookiesToResponse.php(37): Illuminate\\Pipeline\\Pipeline->Illuminate\\Pipeline\\{closure}()
#33 /home/platinum/Documents/Teners.net/Invoicer/vendor/laravel/framework/src/Illuminate/Pipeline/Pipeline.php(180): Illuminate\\Cookie\\Middleware\\AddQueuedCookiesToResponse->handle()
#34 /home/platinum/Documents/Teners.net/Invoicer/vendor/laravel/framework/src/Illuminate/Cookie/Middleware/EncryptCookies.php(67): Illuminate\\Pipeline\\Pipeline->Illuminate\\Pipeline\\{closure}()
#35 /home/platinum/Documents/Teners.net/Invoicer/vendor/laravel/framework/src/Illuminate/Pipeline/Pipeline.php(180): Illuminate\\Cookie\\Middleware\\EncryptCookies->handle()
#36 /home/platinum/Documents/Teners.net/Invoicer/vendor/laravel/framework/src/Illuminate/Pipeline/Pipeline.php(116): Illuminate\\Pipeline\\Pipeline->Illuminate\\Pipeline\\{closure}()
#37 /home/platinum/Documents/Teners.net/Invoicer/vendor/laravel/framework/src/Illuminate/Routing/Router.php(799): Illuminate\\Pipeline\\Pipeline->then()
#38 /home/platinum/Documents/Teners.net/Invoicer/vendor/laravel/framework/src/Illuminate/Routing/Router.php(776): Illuminate\\Routing\\Router->runRouteWithinStack()
#39 /home/platinum/Documents/Teners.net/Invoicer/vendor/laravel/framework/src/Illuminate/Routing/Router.php(740): Illuminate\\Routing\\Router->runRoute()
#40 /home/platinum/Documents/Teners.net/Invoicer/vendor/laravel/framework/src/Illuminate/Routing/Router.php(729): Illuminate\\Routing\\Router->dispatchToRoute()
#41 /home/platinum/Documents/Teners.net/Invoicer/vendor/laravel/framework/src/Illuminate/Foundation/Http/Kernel.php(190): Illuminate\\Routing\\Router->dispatch()
#42 /home/platinum/Documents/Teners.net/Invoicer/vendor/laravel/framework/src/Illuminate/Pipeline/Pipeline.php(141): Illuminate\\Foundation\\Http\\Kernel->Illuminate\\Foundation\\Http\\{closure}()
#43 /home/platinum/Documents/Teners.net/Invoicer/vendor/laravel/framework/src/Illuminate/Foundation/Http/Middleware/TransformsRequest.php(21): Illuminate\\Pipeline\\Pipeline->Illuminate\\Pipeline\\{closure}()
#44 /home/platinum/Documents/Teners.net/Invoicer/vendor/laravel/framework/src/Illuminate/Foundation/Http/Middleware/ConvertEmptyStringsToNull.php(31): Illuminate\\Foundation\\Http\\Middleware\\TransformsRequest->handle()
#45 /home/platinum/Documents/Teners.net/Invoicer/vendor/laravel/framework/src/Illuminate/Pipeline/Pipeline.php(180): Illuminate\\Foundation\\Http\\Middleware\\ConvertEmptyStringsToNull->handle()
#46 /home/platinum/Documents/Teners.net/Invoicer/vendor/laravel/framework/src/Illuminate/Foundation/Http/Middleware/TransformsRequest.php(21): Illuminate\\Pipeline\\Pipeline->Illuminate\\Pipeline\\{closure}()
#47 /home/platinum/Documents/Teners.net/Invoicer/vendor/laravel/framework/src/Illuminate/Foundation/Http/Middleware/TrimStrings.php(40): Illuminate\\Foundation\\Http\\Middleware\\TransformsRequest->handle()
#48 /home/platinum/Documents/Teners.net/Invoicer/vendor/laravel/framework/src/Illuminate/Pipeline/Pipeline.php(180): Illuminate\\Foundation\\Http\\Middleware\\TrimStrings->handle()
#49 /home/platinum/Documents/Teners.net/Invoicer/vendor/laravel/framework/src/Illuminate/Foundation/Http/Middleware/ValidatePostSize.php(27): Illuminate\\Pipeline\\Pipeline->Illuminate\\Pipeline\\{closure}()
#50 /home/platinum/Documents/Teners.net/Invoicer/vendor/laravel/framework/src/Illuminate/Pipeline/Pipeline.php(180): Illuminate\\Foundation\\Http\\Middleware\\ValidatePostSize->handle()
#51 /home/platinum/Documents/Teners.net/Invoicer/vendor/laravel/framework/src/Illuminate/Foundation/Http/Middleware/PreventRequestsDuringMaintenance.php(86): Illuminate\\Pipeline\\Pipeline->Illuminate\\Pipeline\\{closure}()
#52 /home/platinum/Documents/Teners.net/Invoicer/vendor/laravel/framework/src/Illuminate/Pipeline/Pipeline.php(180): Illuminate\\Foundation\\Http\\Middleware\\PreventRequestsDuringMaintenance->handle()
#53 /home/platinum/Documents/Teners.net/Invoicer/vendor/laravel/framework/src/Illuminate/Http/Middleware/HandleCors.php(49): Illuminate\\Pipeline\\Pipeline->Illuminate\\Pipeline\\{closure}()
#54 /home/platinum/Documents/Teners.net/Invoicer/vendor/laravel/framework/src/Illuminate/Pipeline/Pipeline.php(180): Illuminate\\Http\\Middleware\\HandleCors->handle()
#55 /home/platinum/Documents/Teners.net/Invoicer/vendor/laravel/framework/src/Illuminate/Http/Middleware/TrustProxies.php(39): Illuminate\\Pipeline\\Pipeline->Illuminate\\Pipeline\\{closure}()
#56 /home/platinum/Documents/Teners.net/Invoicer/vendor/laravel/framework/src/Illuminate/Pipeline/Pipeline.php(180): Illuminate\\Http\\Middleware\\TrustProxies->handle()
#57 /home/platinum/Documents/Teners.net/Invoicer/vendor/laravel/framework/src/Illuminate/Pipeline/Pipeline.php(116): Illuminate\\Pipeline\\Pipeline->Illuminate\\Pipeline\\{closure}()
#58 /home/platinum/Documents/Teners.net/Invoicer/vendor/laravel/framework/src/Illuminate/Foundation/Http/Kernel.php(165): Illuminate\\Pipeline\\Pipeline->then()
#59 /home/platinum/Documents/Teners.net/Invoicer/vendor/laravel/framework/src/Illuminate/Foundation/Http/Kernel.php(134): Illuminate\\Foundation\\Http\\Kernel->sendRequestThroughRouter()
#60 /home/platinum/Documents/Teners.net/Invoicer/public/index.php(52): Illuminate\\Foundation\\Http\\Kernel->handle()
#61 /home/platinum/Documents/Teners.net/Invoicer/vendor/laravel/framework/src/Illuminate/Foundation/resources/server.php(16): require_once('...')
#62 {main}
"} 
